<?xml version="1.0" encoding="UTF-8"?>
<testsuite xmlns:xsi="http://www.w3.org/2001/XMLSchema-instance" xsi:noNamespaceSchemaLocation="https://maven.apache.org/surefire/maven-surefire-plugin/xsd/surefire-test-report.xsd" name="br.com.pauloh.service.ClientServiceTest" time="0.264" tests="8" errors="8" skipped="0" failures="0">
  <properties>
    <property name="java.specification.version" value="17"/>
    <property name="sun.jnu.encoding" value="UTF-8"/>
    <property name="java.class.path" value="/home/paulo/code/ebac/backend/tarefas_ebac_Paulo/mod39/web-app/target/test-classes:/home/paulo/code/ebac/backend/tarefas_ebac_Paulo/mod39/web-app/target/classes:/home/paulo/.m2/repository/org/springframework/boot/spring-boot-starter-data-jpa/3.1.5/spring-boot-starter-data-jpa-3.1.5.jar:/home/paulo/.m2/repository/org/springframework/boot/spring-boot-starter-aop/3.1.5/spring-boot-starter-aop-3.1.5.jar:/home/paulo/.m2/repository/org/springframework/boot/spring-boot-starter/3.1.5/spring-boot-starter-3.1.5.jar:/home/paulo/.m2/repository/org/springframework/boot/spring-boot/3.1.5/spring-boot-3.1.5.jar:/home/paulo/.m2/repository/org/springframework/boot/spring-boot-autoconfigure/3.1.5/spring-boot-autoconfigure-3.1.5.jar:/home/paulo/.m2/repository/org/springframework/boot/spring-boot-starter-logging/3.1.5/spring-boot-starter-logging-3.1.5.jar:/home/paulo/.m2/repository/ch/qos/logback/logback-classic/1.4.11/logback-classic-1.4.11.jar:/home/paulo/.m2/repository/ch/qos/logback/logback-core/1.4.11/logback-core-1.4.11.jar:/home/paulo/.m2/repository/org/apache/logging/log4j/log4j-to-slf4j/2.20.0/log4j-to-slf4j-2.20.0.jar:/home/paulo/.m2/repository/org/apache/logging/log4j/log4j-api/2.20.0/log4j-api-2.20.0.jar:/home/paulo/.m2/repository/org/slf4j/jul-to-slf4j/2.0.9/jul-to-slf4j-2.0.9.jar:/home/paulo/.m2/repository/org/yaml/snakeyaml/1.33/snakeyaml-1.33.jar:/home/paulo/.m2/repository/org/springframework/spring-aop/6.0.13/spring-aop-6.0.13.jar:/home/paulo/.m2/repository/org/aspectj/aspectjweaver/1.9.20/aspectjweaver-1.9.20.jar:/home/paulo/.m2/repository/org/springframework/boot/spring-boot-starter-jdbc/3.1.5/spring-boot-starter-jdbc-3.1.5.jar:/home/paulo/.m2/repository/com/zaxxer/HikariCP/5.0.1/HikariCP-5.0.1.jar:/home/paulo/.m2/repository/org/springframework/spring-jdbc/6.0.13/spring-jdbc-6.0.13.jar:/home/paulo/.m2/repository/org/hibernate/orm/hibernate-core/6.2.13.Final/hibernate-core-6.2.13.Final.jar:/home/paulo/.m2/repository/jakarta/persistence/jakarta.persistence-api/3.1.0/jakarta.persistence-api-3.1.0.jar:/home/paulo/.m2/repository/jakarta/transaction/jakarta.transaction-api/2.0.1/jakarta.transaction-api-2.0.1.jar:/home/paulo/.m2/repository/io/smallrye/jandex/3.0.5/jandex-3.0.5.jar:/home/paulo/.m2/repository/com/fasterxml/classmate/1.5.1/classmate-1.5.1.jar:/home/paulo/.m2/repository/jakarta/xml/bind/jakarta.xml.bind-api/4.0.0/jakarta.xml.bind-api-4.0.0.jar:/home/paulo/.m2/repository/jakarta/activation/jakarta.activation-api/2.1.0/jakarta.activation-api-2.1.0.jar:/home/paulo/.m2/repository/org/glassfish/jaxb/jaxb-runtime/4.0.2/jaxb-runtime-4.0.2.jar:/home/paulo/.m2/repository/org/glassfish/jaxb/jaxb-core/4.0.2/jaxb-core-4.0.2.jar:/home/paulo/.m2/repository/org/eclipse/angus/angus-activation/2.0.0/angus-activation-2.0.0.jar:/home/paulo/.m2/repository/org/glassfish/jaxb/txw2/4.0.2/txw2-4.0.2.jar:/home/paulo/.m2/repository/com/sun/istack/istack-commons-runtime/4.1.1/istack-commons-runtime-4.1.1.jar:/home/paulo/.m2/repository/jakarta/inject/jakarta.inject-api/2.0.1/jakarta.inject-api-2.0.1.jar:/home/paulo/.m2/repository/org/antlr/antlr4-runtime/4.10.1/antlr4-runtime-4.10.1.jar:/home/paulo/.m2/repository/org/springframework/data/spring-data-jpa/3.1.5/spring-data-jpa-3.1.5.jar:/home/paulo/.m2/repository/org/springframework/data/spring-data-commons/3.1.5/spring-data-commons-3.1.5.jar:/home/paulo/.m2/repository/org/springframework/spring-orm/6.0.13/spring-orm-6.0.13.jar:/home/paulo/.m2/repository/org/springframework/spring-context/6.0.13/spring-context-6.0.13.jar:/home/paulo/.m2/repository/org/springframework/spring-expression/6.0.13/spring-expression-6.0.13.jar:/home/paulo/.m2/repository/org/springframework/spring-tx/6.0.13/spring-tx-6.0.13.jar:/home/paulo/.m2/repository/org/springframework/spring-beans/6.0.13/spring-beans-6.0.13.jar:/home/paulo/.m2/repository/org/springframework/spring-core/6.0.13/spring-core-6.0.13.jar:/home/paulo/.m2/repository/org/springframework/spring-jcl/6.0.13/spring-jcl-6.0.13.jar:/home/paulo/.m2/repository/jakarta/annotation/jakarta.annotation-api/2.0.0/jakarta.annotation-api-2.0.0.jar:/home/paulo/.m2/repository/org/springframework/spring-aspects/6.0.13/spring-aspects-6.0.13.jar:/home/paulo/.m2/repository/org/slf4j/slf4j-api/1.6.1/slf4j-api-1.6.1.jar:/home/paulo/.m2/repository/org/projectlombok/lombok/1.18.30/lombok-1.18.30.jar:/home/paulo/.m2/repository/org/jboss/logging/jboss-logging/3.4.1.Final/jboss-logging-3.4.1.Final.jar:/home/paulo/.m2/repository/org/dom4j/dom4j/2.1.3/dom4j-2.1.3.jar:/home/paulo/.m2/repository/org/hibernate/common/hibernate-commons-annotations/5.1.2.Final/hibernate-commons-annotations-5.1.2.Final.jar:/home/paulo/.m2/repository/javax/persistence/javax.persistence-api/2.2/javax.persistence-api-2.2.jar:/home/paulo/.m2/repository/net/bytebuddy/byte-buddy/1.10.21/byte-buddy-1.10.21.jar:/home/paulo/.m2/repository/org/jboss/spec/javax/transaction/jboss-transaction-api_1.2_spec/1.1.1.Final/jboss-transaction-api_1.2_spec-1.1.1.Final.jar:/home/paulo/.m2/repository/org/postgresql/postgresql/42.6.0/postgresql-42.6.0.jar:/home/paulo/.m2/repository/org/checkerframework/checker-qual/3.31.0/checker-qual-3.31.0.jar:/home/paulo/.m2/repository/junit/junit/4.11/junit-4.11.jar:/home/paulo/.m2/repository/org/hamcrest/hamcrest-core/1.3/hamcrest-core-1.3.jar:"/>
    <property name="java.vm.vendor" value="Oracle Corporation"/>
    <property name="sun.arch.data.model" value="64"/>
    <property name="java.vendor.url" value="https://java.oracle.com/"/>
    <property name="os.name" value="Linux"/>
    <property name="java.vm.specification.version" value="17"/>
    <property name="sun.java.launcher" value="SUN_STANDARD"/>
    <property name="sun.boot.library.path" value="/opt/jdk-17.0.8/lib"/>
    <property name="sun.java.command" value="/home/paulo/code/ebac/backend/tarefas_ebac_Paulo/mod39/web-app/target/surefire/surefirebooter657696653293571278.jar /home/paulo/code/ebac/backend/tarefas_ebac_Paulo/mod39/web-app/target/surefire 2023-11-18T00-57-00_917-jvmRun1 surefire17299282418073640480tmp surefire_04765416242032075132tmp"/>
    <property name="jdk.debug" value="release"/>
    <property name="surefire.test.class.path" value="/home/paulo/code/ebac/backend/tarefas_ebac_Paulo/mod39/web-app/target/test-classes:/home/paulo/code/ebac/backend/tarefas_ebac_Paulo/mod39/web-app/target/classes:/home/paulo/.m2/repository/org/springframework/boot/spring-boot-starter-data-jpa/3.1.5/spring-boot-starter-data-jpa-3.1.5.jar:/home/paulo/.m2/repository/org/springframework/boot/spring-boot-starter-aop/3.1.5/spring-boot-starter-aop-3.1.5.jar:/home/paulo/.m2/repository/org/springframework/boot/spring-boot-starter/3.1.5/spring-boot-starter-3.1.5.jar:/home/paulo/.m2/repository/org/springframework/boot/spring-boot/3.1.5/spring-boot-3.1.5.jar:/home/paulo/.m2/repository/org/springframework/boot/spring-boot-autoconfigure/3.1.5/spring-boot-autoconfigure-3.1.5.jar:/home/paulo/.m2/repository/org/springframework/boot/spring-boot-starter-logging/3.1.5/spring-boot-starter-logging-3.1.5.jar:/home/paulo/.m2/repository/ch/qos/logback/logback-classic/1.4.11/logback-classic-1.4.11.jar:/home/paulo/.m2/repository/ch/qos/logback/logback-core/1.4.11/logback-core-1.4.11.jar:/home/paulo/.m2/repository/org/apache/logging/log4j/log4j-to-slf4j/2.20.0/log4j-to-slf4j-2.20.0.jar:/home/paulo/.m2/repository/org/apache/logging/log4j/log4j-api/2.20.0/log4j-api-2.20.0.jar:/home/paulo/.m2/repository/org/slf4j/jul-to-slf4j/2.0.9/jul-to-slf4j-2.0.9.jar:/home/paulo/.m2/repository/org/yaml/snakeyaml/1.33/snakeyaml-1.33.jar:/home/paulo/.m2/repository/org/springframework/spring-aop/6.0.13/spring-aop-6.0.13.jar:/home/paulo/.m2/repository/org/aspectj/aspectjweaver/1.9.20/aspectjweaver-1.9.20.jar:/home/paulo/.m2/repository/org/springframework/boot/spring-boot-starter-jdbc/3.1.5/spring-boot-starter-jdbc-3.1.5.jar:/home/paulo/.m2/repository/com/zaxxer/HikariCP/5.0.1/HikariCP-5.0.1.jar:/home/paulo/.m2/repository/org/springframework/spring-jdbc/6.0.13/spring-jdbc-6.0.13.jar:/home/paulo/.m2/repository/org/hibernate/orm/hibernate-core/6.2.13.Final/hibernate-core-6.2.13.Final.jar:/home/paulo/.m2/repository/jakarta/persistence/jakarta.persistence-api/3.1.0/jakarta.persistence-api-3.1.0.jar:/home/paulo/.m2/repository/jakarta/transaction/jakarta.transaction-api/2.0.1/jakarta.transaction-api-2.0.1.jar:/home/paulo/.m2/repository/io/smallrye/jandex/3.0.5/jandex-3.0.5.jar:/home/paulo/.m2/repository/com/fasterxml/classmate/1.5.1/classmate-1.5.1.jar:/home/paulo/.m2/repository/jakarta/xml/bind/jakarta.xml.bind-api/4.0.0/jakarta.xml.bind-api-4.0.0.jar:/home/paulo/.m2/repository/jakarta/activation/jakarta.activation-api/2.1.0/jakarta.activation-api-2.1.0.jar:/home/paulo/.m2/repository/org/glassfish/jaxb/jaxb-runtime/4.0.2/jaxb-runtime-4.0.2.jar:/home/paulo/.m2/repository/org/glassfish/jaxb/jaxb-core/4.0.2/jaxb-core-4.0.2.jar:/home/paulo/.m2/repository/org/eclipse/angus/angus-activation/2.0.0/angus-activation-2.0.0.jar:/home/paulo/.m2/repository/org/glassfish/jaxb/txw2/4.0.2/txw2-4.0.2.jar:/home/paulo/.m2/repository/com/sun/istack/istack-commons-runtime/4.1.1/istack-commons-runtime-4.1.1.jar:/home/paulo/.m2/repository/jakarta/inject/jakarta.inject-api/2.0.1/jakarta.inject-api-2.0.1.jar:/home/paulo/.m2/repository/org/antlr/antlr4-runtime/4.10.1/antlr4-runtime-4.10.1.jar:/home/paulo/.m2/repository/org/springframework/data/spring-data-jpa/3.1.5/spring-data-jpa-3.1.5.jar:/home/paulo/.m2/repository/org/springframework/data/spring-data-commons/3.1.5/spring-data-commons-3.1.5.jar:/home/paulo/.m2/repository/org/springframework/spring-orm/6.0.13/spring-orm-6.0.13.jar:/home/paulo/.m2/repository/org/springframework/spring-context/6.0.13/spring-context-6.0.13.jar:/home/paulo/.m2/repository/org/springframework/spring-expression/6.0.13/spring-expression-6.0.13.jar:/home/paulo/.m2/repository/org/springframework/spring-tx/6.0.13/spring-tx-6.0.13.jar:/home/paulo/.m2/repository/org/springframework/spring-beans/6.0.13/spring-beans-6.0.13.jar:/home/paulo/.m2/repository/org/springframework/spring-core/6.0.13/spring-core-6.0.13.jar:/home/paulo/.m2/repository/org/springframework/spring-jcl/6.0.13/spring-jcl-6.0.13.jar:/home/paulo/.m2/repository/jakarta/annotation/jakarta.annotation-api/2.0.0/jakarta.annotation-api-2.0.0.jar:/home/paulo/.m2/repository/org/springframework/spring-aspects/6.0.13/spring-aspects-6.0.13.jar:/home/paulo/.m2/repository/org/slf4j/slf4j-api/1.6.1/slf4j-api-1.6.1.jar:/home/paulo/.m2/repository/org/projectlombok/lombok/1.18.30/lombok-1.18.30.jar:/home/paulo/.m2/repository/org/jboss/logging/jboss-logging/3.4.1.Final/jboss-logging-3.4.1.Final.jar:/home/paulo/.m2/repository/org/dom4j/dom4j/2.1.3/dom4j-2.1.3.jar:/home/paulo/.m2/repository/org/hibernate/common/hibernate-commons-annotations/5.1.2.Final/hibernate-commons-annotations-5.1.2.Final.jar:/home/paulo/.m2/repository/javax/persistence/javax.persistence-api/2.2/javax.persistence-api-2.2.jar:/home/paulo/.m2/repository/net/bytebuddy/byte-buddy/1.10.21/byte-buddy-1.10.21.jar:/home/paulo/.m2/repository/org/jboss/spec/javax/transaction/jboss-transaction-api_1.2_spec/1.1.1.Final/jboss-transaction-api_1.2_spec-1.1.1.Final.jar:/home/paulo/.m2/repository/org/postgresql/postgresql/42.6.0/postgresql-42.6.0.jar:/home/paulo/.m2/repository/org/checkerframework/checker-qual/3.31.0/checker-qual-3.31.0.jar:/home/paulo/.m2/repository/junit/junit/4.11/junit-4.11.jar:/home/paulo/.m2/repository/org/hamcrest/hamcrest-core/1.3/hamcrest-core-1.3.jar:"/>
    <property name="sun.cpu.endian" value="little"/>
    <property name="user.home" value="/home/paulo"/>
    <property name="user.language" value="en"/>
    <property name="java.specification.vendor" value="Oracle Corporation"/>
    <property name="java.version.date" value="2023-07-18"/>
    <property name="java.home" value="/opt/jdk-17.0.8"/>
    <property name="file.separator" value="/"/>
    <property name="basedir" value="/home/paulo/code/ebac/backend/tarefas_ebac_Paulo/mod39/web-app"/>
    <property name="java.vm.compressedOopsMode" value="Zero based"/>
    <property name="line.separator" value="&#10;"/>
    <property name="java.vm.specification.vendor" value="Oracle Corporation"/>
    <property name="java.specification.name" value="Java Platform API Specification"/>
    <property name="surefire.real.class.path" value="/home/paulo/code/ebac/backend/tarefas_ebac_Paulo/mod39/web-app/target/surefire/surefirebooter657696653293571278.jar"/>
    <property name="sun.management.compiler" value="HotSpot 64-Bit Tiered Compilers"/>
    <property name="java.runtime.version" value="17.0.8+9-LTS-211"/>
    <property name="user.name" value="paulo"/>
    <property name="path.separator" value=":"/>
    <property name="os.version" value="5.15.133.1-microsoft-standard-WSL2"/>
    <property name="java.runtime.name" value="Java(TM) SE Runtime Environment"/>
    <property name="file.encoding" value="UTF-8"/>
    <property name="java.vm.name" value="Java HotSpot(TM) 64-Bit Server VM"/>
    <property name="localRepository" value="/home/paulo/.m2/repository"/>
    <property name="java.vendor.url.bug" value="https://bugreport.java.com/bugreport/"/>
    <property name="java.io.tmpdir" value="/tmp"/>
    <property name="java.version" value="17.0.8"/>
    <property name="user.dir" value="/home/paulo/code/ebac/backend/tarefas_ebac_Paulo/mod39/web-app"/>
    <property name="os.arch" value="amd64"/>
    <property name="java.vm.specification.name" value="Java Virtual Machine Specification"/>
    <property name="native.encoding" value="UTF-8"/>
    <property name="java.library.path" value="/usr/java/packages/lib:/usr/lib64:/lib64:/lib:/usr/lib"/>
    <property name="java.vm.info" value="mixed mode, sharing"/>
    <property name="java.vendor" value="Oracle Corporation"/>
    <property name="java.vm.version" value="17.0.8+9-LTS-211"/>
    <property name="sun.io.unicode.encoding" value="UnicodeLittle"/>
    <property name="java.class.version" value="61.0"/>
  </properties>
  <testcase name="readTest" classname="br.com.pauloh.service.ClientServiceTest" time="0.024">
    <error message="Cannot invoke &quot;jakarta.persistence.EntityManager.persist(Object)&quot; because &quot;this.entityManager&quot; is null" type="java.lang.NullPointerException">java.lang.NullPointerException: Cannot invoke "jakarta.persistence.EntityManager.persist(Object)" because "this.entityManager" is null
	at br.com.pauloh.service.ClientServiceTest.readTest(ClientServiceTest.java:50)
</error>
  </testcase>
  <testcase name="readTest" classname="br.com.pauloh.service.ClientServiceTest" time="0.029">
    <error message="Cannot invoke &quot;jakarta.persistence.EntityManager.createQuery(String, java.lang.Class)&quot; because &quot;this.entityManager&quot; is null" type="java.lang.NullPointerException">java.lang.NullPointerException: Cannot invoke "jakarta.persistence.EntityManager.createQuery(String, java.lang.Class)" because "this.entityManager" is null
	at br.com.pauloh.service.ClientServiceTest.turnDown(ClientServiceTest.java:23)
</error>
  </testcase>
  <testcase name="updateTest" classname="br.com.pauloh.service.ClientServiceTest" time="0.002">
    <error message="Cannot invoke &quot;jakarta.persistence.EntityManager.persist(Object)&quot; because &quot;this.entityManager&quot; is null" type="java.lang.NullPointerException">java.lang.NullPointerException: Cannot invoke "jakarta.persistence.EntityManager.persist(Object)" because "this.entityManager" is null
	at br.com.pauloh.service.ClientServiceTest.updateTest(ClientServiceTest.java:62)
</error>
  </testcase>
  <testcase name="updateTest" classname="br.com.pauloh.service.ClientServiceTest" time="0.004">
    <error message="Cannot invoke &quot;jakarta.persistence.EntityManager.createQuery(String, java.lang.Class)&quot; because &quot;this.entityManager&quot; is null" type="java.lang.NullPointerException">java.lang.NullPointerException: Cannot invoke "jakarta.persistence.EntityManager.createQuery(String, java.lang.Class)" because "this.entityManager" is null
	at br.com.pauloh.service.ClientServiceTest.turnDown(ClientServiceTest.java:23)
</error>
  </testcase>
  <testcase name="createTest" classname="br.com.pauloh.service.ClientServiceTest" time="0.003">
    <error message="Cannot invoke &quot;jakarta.persistence.EntityManager.persist(Object)&quot; because &quot;this.entityManager&quot; is null" type="java.lang.NullPointerException">java.lang.NullPointerException: Cannot invoke "jakarta.persistence.EntityManager.persist(Object)" because "this.entityManager" is null
	at br.com.pauloh.service.ClientServiceTest.createTest(ClientServiceTest.java:40)
</error>
  </testcase>
  <testcase name="createTest" classname="br.com.pauloh.service.ClientServiceTest" time="0.004">
    <error message="Cannot invoke &quot;jakarta.persistence.EntityManager.createQuery(String, java.lang.Class)&quot; because &quot;this.entityManager&quot; is null" type="java.lang.NullPointerException">java.lang.NullPointerException: Cannot invoke "jakarta.persistence.EntityManager.createQuery(String, java.lang.Class)" because "this.entityManager" is null
	at br.com.pauloh.service.ClientServiceTest.turnDown(ClientServiceTest.java:23)
</error>
  </testcase>
  <testcase name="deleteTest" classname="br.com.pauloh.service.ClientServiceTest" time="0.005">
    <error message="Cannot invoke &quot;jakarta.persistence.EntityManager.persist(Object)&quot; because &quot;this.entityManager&quot; is null" type="java.lang.NullPointerException">java.lang.NullPointerException: Cannot invoke "jakarta.persistence.EntityManager.persist(Object)" because "this.entityManager" is null
	at br.com.pauloh.service.ClientServiceTest.deleteTest(ClientServiceTest.java:75)
</error>
  </testcase>
  <testcase name="deleteTest" classname="br.com.pauloh.service.ClientServiceTest" time="0.007">
    <error message="Cannot invoke &quot;jakarta.persistence.EntityManager.createQuery(String, java.lang.Class)&quot; because &quot;this.entityManager&quot; is null" type="java.lang.NullPointerException">java.lang.NullPointerException: Cannot invoke "jakarta.persistence.EntityManager.createQuery(String, java.lang.Class)" because "this.entityManager" is null
	at br.com.pauloh.service.ClientServiceTest.turnDown(ClientServiceTest.java:23)
</error>
  </testcase>
</testsuite>